CLIENT : analyse de l'URL : http://[::1]:5000/test.txt
CLIENT: host=::1, port=5000, path=/test.txt
CLIENT: lancement du client
CLIENT : creation du socket 
CLIENT:resolution de l'adresse du serveur  ::1:5000
CLIENT: adresse resolue : [(<AddressFamily.AF_INET6: 10>, <SocketKind.SOCK_DGRAM: 2>, 17, '', ('::1', 5000, 0, 0))]
CLIENT : requette GET envoyé /test.txt
CLIENT Segment envoyé : seq=0, length=13
CLIENT : en attente d'un segment DATA..
CLIENT: timeout de reception
CLIENT: retransmission GET
CLIENT : requette GET envoyé /test.txt
CLIENT Segment envoyé : seq=0, length=13
CLIENT : en attente d'un segment DATA..
CLIENT: timeout de reception
CLIENT: retransmission GET
CLIENT : requette GET envoyé /test.txt
CLIENT Segment envoyé : seq=0, length=13
CLIENT : en attente d'un segment DATA..
CLIENT: timeout de reception
CLIENT: retransmission GET
CLIENT : requette GET envoyé /test.txt
CLIENT Segment envoyé : seq=0, length=13
CLIENT : en attente d'un segment DATA..
CLIENT: timeout de reception
CLIENT: retransmission GET
CLIENT : requette GET envoyé /test.txt
CLIENT Segment envoyé : seq=0, length=13
CLIENT : en attente d'un segment DATA..
CLIENT: timeout de reception
CLIENT: retransmission GET
CLIENT : requette GET envoyé /test.txt
CLIENT Segment envoyé : seq=0, length=13
CLIENT : en attente d'un segment DATA..
CLIENT: timeout de reception
CLIENT: retransmission GET
CLIENT : requette GET envoyé /test.txt
CLIENT Segment envoyé : seq=0, length=13
CLIENT : en attente d'un segment DATA..
CLIENT: timeout de reception
CLIENT: retransmission GET
CLIENT : requette GET envoyé /test.txt
CLIENT Segment envoyé : seq=0, length=13
CLIENT : en attente d'un segment DATA..
CLIENT: timeout de reception
CLIENT: retransmission GET
CLIENT : requette GET envoyé /test.txt
CLIENT Segment envoyé : seq=0, length=13
CLIENT : en attente d'un segment DATA..
CLIENT: timeout de reception
CLIENT: retransmission GET
CLIENT : requette GET envoyé /test.txt
CLIENT Segment envoyé : seq=0, length=13
CLIENT : en attente d'un segment DATA..
CLIENT: timeout de reception
CLIENT: retransmission GET
CLIENT : requette GET envoyé /test.txt
CLIENT Segment envoyé : seq=0, length=13
CLIENT : en attente d'un segment DATA..
CLIENT: timeout de reception
CLIENT: retransmission GET
CLIENT : requette GET envoyé /test.txt
CLIENT Segment envoyé : seq=0, length=13
CLIENT : en attente d'un segment DATA..
CLIENT: timeout de reception
CLIENT: retransmission GET
CLIENT : requette GET envoyé /test.txt
CLIENT Segment envoyé : seq=0, length=13
CLIENT : en attente d'un segment DATA..
CLIENT: timeout de reception
CLIENT: retransmission GET
CLIENT : requette GET envoyé /test.txt
CLIENT Segment envoyé : seq=0, length=13
CLIENT : en attente d'un segment DATA..
CLIENT: timeout de reception
CLIENT: retransmission GET
CLIENT : requette GET envoyé /test.txt
CLIENT Segment envoyé : seq=0, length=13
CLIENT : en attente d'un segment DATA..
CLIENT: timeout de reception
CLIENT: retransmission GET
CLIENT : requette GET envoyé /test.txt
CLIENT Segment envoyé : seq=0, length=13
CLIENT : en attente d'un segment DATA..
CLIENT: timeout de reception
CLIENT: retransmission GET
CLIENT : requette GET envoyé /test.txt
CLIENT Segment envoyé : seq=0, length=13
CLIENT : en attente d'un segment DATA..
CLIENT: timeout de reception
CLIENT: retransmission GET
CLIENT : requette GET envoyé /test.txt
CLIENT Segment envoyé : seq=0, length=13
CLIENT : en attente d'un segment DATA..
CLIENT: timeout de reception
CLIENT: retransmission GET
CLIENT : requette GET envoyé /test.txt
CLIENT Segment envoyé : seq=0, length=13
CLIENT : en attente d'un segment DATA..
CLIENT: timeout de reception
CLIENT: retransmission GET
CLIENT : requette GET envoyé /test.txt
CLIENT Segment envoyé : seq=0, length=13
CLIENT : en attente d'un segment DATA..
CLIENT: timeout de reception
CLIENT: retransmission GET
CLIENT : requette GET envoyé /test.txt
CLIENT Segment envoyé : seq=0, length=13
CLIENT : en attente d'un segment DATA..
CLIENT: timeout de reception
CLIENT: retransmission GET
CLIENT : requette GET envoyé /test.txt
CLIENT Segment envoyé : seq=0, length=13
CLIENT : en attente d'un segment DATA..
CLIENT: timeout de reception
CLIENT: retransmission GET
CLIENT : requette GET envoyé /test.txt
CLIENT Segment envoyé : seq=0, length=13
CLIENT : en attente d'un segment DATA..
CLIENT: timeout de reception
CLIENT: retransmission GET
CLIENT : requette GET envoyé /test.txt
CLIENT Segment envoyé : seq=0, length=13
CLIENT : en attente d'un segment DATA..
CLIENT: timeout de reception
CLIENT: retransmission GET
CLIENT : requette GET envoyé /test.txt
CLIENT Segment envoyé : seq=0, length=13
CLIENT : en attente d'un segment DATA..
CLIENT: timeout de reception
CLIENT: retransmission GET
CLIENT : requette GET envoyé /test.txt
CLIENT Segment envoyé : seq=0, length=13
CLIENT : en attente d'un segment DATA..
CLIENT: timeout de reception
CLIENT: retransmission GET
CLIENT : requette GET envoyé /test.txt
CLIENT Segment envoyé : seq=0, length=13
CLIENT : en attente d'un segment DATA..
CLIENT: timeout de reception
CLIENT: retransmission GET
CLIENT : requette GET envoyé /test.txt
CLIENT Segment envoyé : seq=0, length=13
CLIENT : en attente d'un segment DATA..
CLIENT: timeout de reception
CLIENT: retransmission GET
CLIENT : requette GET envoyé /test.txt
CLIENT Segment envoyé : seq=0, length=13
CLIENT : en attente d'un segment DATA..
CLIENT: timeout de reception
CLIENT: retransmission GET
CLIENT : requette GET envoyé /test.txt
CLIENT Segment envoyé : seq=0, length=13
CLIENT : en attente d'un segment DATA..
CLIENT: timeout de reception
CLIENT: retransmission GET
CLIENT : requette GET envoyé /test.txt
CLIENT Segment envoyé : seq=0, length=13
CLIENT : en attente d'un segment DATA..
CLIENT: timeout de reception
CLIENT: retransmission GET
CLIENT : requette GET envoyé /test.txt
CLIENT Segment envoyé : seq=0, length=13
CLIENT : en attente d'un segment DATA..
CLIENT: timeout de reception
CLIENT: retransmission GET
CLIENT : requette GET envoyé /test.txt
CLIENT Segment envoyé : seq=0, length=13
CLIENT : en attente d'un segment DATA..
CLIENT: timeout de reception
CLIENT: retransmission GET
CLIENT : requette GET envoyé /test.txt
CLIENT Segment envoyé : seq=0, length=13
CLIENT : en attente d'un segment DATA..
CLIENT: timeout de reception
CLIENT: retransmission GET
CLIENT : requette GET envoyé /test.txt
CLIENT Segment envoyé : seq=0, length=13
CLIENT : en attente d'un segment DATA..
CLIENT: timeout de reception
CLIENT: retransmission GET
CLIENT : requette GET envoyé /test.txt
CLIENT Segment envoyé : seq=0, length=13
CLIENT : en attente d'un segment DATA..
CLIENT: timeout de reception
CLIENT: retransmission GET
CLIENT : requette GET envoyé /test.txt
CLIENT Segment envoyé : seq=0, length=13
CLIENT : en attente d'un segment DATA..
CLIENT: timeout de reception
CLIENT: retransmission GET
CLIENT : requette GET envoyé /test.txt
CLIENT Segment envoyé : seq=0, length=13
CLIENT : en attente d'un segment DATA..
CLIENT: timeout de reception
CLIENT: retransmission GET
CLIENT : requette GET envoyé /test.txt
CLIENT Segment envoyé : seq=0, length=13
CLIENT : en attente d'un segment DATA..
CLIENT: timeout de reception
CLIENT: retransmission GET
CLIENT : requette GET envoyé /test.txt
CLIENT Segment envoyé : seq=0, length=13
CLIENT : en attente d'un segment DATA..
CLIENT: timeout de reception
CLIENT: retransmission GET
CLIENT : requette GET envoyé /test.txt
CLIENT Segment envoyé : seq=0, length=13
CLIENT : en attente d'un segment DATA..
CLIENT: timeout de reception
CLIENT: retransmission GET
CLIENT : requette GET envoyé /test.txt
CLIENT Segment envoyé : seq=0, length=13
CLIENT : en attente d'un segment DATA..
CLIENT: timeout de reception
CLIENT: retransmission GET
CLIENT : requette GET envoyé /test.txt
CLIENT Segment envoyé : seq=0, length=13
CLIENT : en attente d'un segment DATA..
CLIENT: timeout de reception
CLIENT: retransmission GET
CLIENT : requette GET envoyé /test.txt
CLIENT Segment envoyé : seq=0, length=13
CLIENT : en attente d'un segment DATA..
CLIENT: timeout de reception
CLIENT: retransmission GET
CLIENT : requette GET envoyé /test.txt
CLIENT Segment envoyé : seq=0, length=13
CLIENT : en attente d'un segment DATA..
CLIENT: timeout de reception
CLIENT: retransmission GET
CLIENT : requette GET envoyé /test.txt
CLIENT Segment envoyé : seq=0, length=13
CLIENT : en attente d'un segment DATA..
CLIENT: timeout de reception
CLIENT: retransmission GET
CLIENT : requette GET envoyé /test.txt
CLIENT Segment envoyé : seq=0, length=13
CLIENT : en attente d'un segment DATA..
CLIENT: timeout de reception
CLIENT: retransmission GET
CLIENT : requette GET envoyé /test.txt
CLIENT Segment envoyé : seq=0, length=13
CLIENT : en attente d'un segment DATA..
CLIENT: timeout de reception
CLIENT: retransmission GET
CLIENT : requette GET envoyé /test.txt
CLIENT Segment envoyé : seq=0, length=13
CLIENT : en attente d'un segment DATA..
CLIENT: timeout de reception
CLIENT: retransmission GET
CLIENT : requette GET envoyé /test.txt
CLIENT Segment envoyé : seq=0, length=13
CLIENT : en attente d'un segment DATA..
CLIENT: timeout de reception
CLIENT: retransmission GET
CLIENT : requette GET envoyé /test.txt
CLIENT Segment envoyé : seq=0, length=13
CLIENT : en attente d'un segment DATA..
CLIENT: timeout de reception
CLIENT: retransmission GET
CLIENT : requette GET envoyé /test.txt
CLIENT Segment envoyé : seq=0, length=13
CLIENT : en attente d'un segment DATA..
CLIENT: timeout de reception
CLIENT: retransmission GET
CLIENT : requette GET envoyé /test.txt
CLIENT Segment envoyé : seq=0, length=13
CLIENT : en attente d'un segment DATA..
CLIENT: timeout de reception
CLIENT: retransmission GET
CLIENT : requette GET envoyé /test.txt
CLIENT Segment envoyé : seq=0, length=13
CLIENT : en attente d'un segment DATA..
CLIENT: timeout de reception
CLIENT: retransmission GET
CLIENT : requette GET envoyé /test.txt
CLIENT Segment envoyé : seq=0, length=13
CLIENT : en attente d'un segment DATA..
CLIENT: timeout de reception
CLIENT: retransmission GET
CLIENT : requette GET envoyé /test.txt
CLIENT Segment envoyé : seq=0, length=13
CLIENT : en attente d'un segment DATA..
CLIENT: timeout de reception
CLIENT: retransmission GET
CLIENT : requette GET envoyé /test.txt
CLIENT Segment envoyé : seq=0, length=13
CLIENT : en attente d'un segment DATA..
CLIENT: timeout de reception
CLIENT: retransmission GET
CLIENT : requette GET envoyé /test.txt
CLIENT Segment envoyé : seq=0, length=13
CLIENT : en attente d'un segment DATA..
CLIENT: timeout de reception
CLIENT: retransmission GET
CLIENT : requette GET envoyé /test.txt
CLIENT Segment envoyé : seq=0, length=13
CLIENT : en attente d'un segment DATA..
CLIENT: timeout de reception
CLIENT: retransmission GET
CLIENT : requette GET envoyé /test.txt
CLIENT Segment envoyé : seq=0, length=13
CLIENT : en attente d'un segment DATA..
CLIENT: timeout de reception
CLIENT: retransmission GET
CLIENT : requette GET envoyé /test.txt
CLIENT Segment envoyé : seq=0, length=13
CLIENT : en attente d'un segment DATA..
CLIENT: timeout de reception
CLIENT: retransmission GET
CLIENT : requette GET envoyé /test.txt
CLIENT Segment envoyé : seq=0, length=13
CLIENT : en attente d'un segment DATA..
CLIENT: timeout de reception
CLIENT: retransmission GET
CLIENT : requette GET envoyé /test.txt
CLIENT Segment envoyé : seq=0, length=13
CLIENT : en attente d'un segment DATA..
CLIENT: timeout de reception
CLIENT: retransmission GET
CLIENT : requette GET envoyé /test.txt
CLIENT Segment envoyé : seq=0, length=13
CLIENT : en attente d'un segment DATA..
